#
# There is insufficient memory for the Java Runtime Environment to continue.
# Native memory allocation (mmap) failed to map 251658240 bytes for G1 virtual space
# Possible reasons:
#   The system is out of physical RAM or swap space
#   The process is running with CompressedOops enabled, and the Java Heap may be blocking the growth of the native heap
# Possible solutions:
#   Reduce memory load on the system
#   Increase physical memory or swap space
#   Check if swap backing store is full
#   Decrease Java heap size (-Xmx/-Xms)
#   Decrease number of Java threads
#   Decrease Java thread stack sizes (-Xss)
#   Set larger code cache with -XX:ReservedCodeCacheSize=
#   JVM is running with Zero Based Compressed Oops mode in which the Java heap is
#     placed in the first 32GB address space. The Java Heap base address is the
#     maximum limit for the native heap growth. Please use -XX:HeapBaseMinAddress
#     to set the Java Heap base and to place the Java Heap above 32GB virtual address.
# This output file may be truncated or incomplete.
#
#  Out of Memory Error (./open/src/hotspot/os/windows/os_windows.cpp:3321), pid=16732, tid=6044
#
# JRE version:  (15.0.2+7) (build )
# Java VM: OpenJDK 64-Bit Server VM (15.0.2+7-27, mixed mode, sharing, tiered, compressed oops, g1 gc, windows-amd64)
# No core dump will be written. Minidumps are not enabled by default on client versions of Windows
#

---------------  S U M M A R Y ------------

Command Line: -Dfile.encoding=Cp1252 -XX:+ShowCodeDetailsInExceptionMessages registrationSystem.CourseRegApp

Host: AMD Ryzen 5 2400G with Radeon Vega Graphics    , 8 cores, 14G,  Windows 10 , 64 bit Build 19041 (10.0.19041.1202)
Time: Thu Sep 16 12:26:44 2021 Mountain Daylight Time elapsed time: 0.013001 seconds (0d 0h 0m 0s)

---------------  T H R E A D  ---------------

Current thread (0x000002500e927cd0):  JavaThread "Unknown thread" [_thread_in_vm, id=6044, stack(0x0000009050f00000,0x0000009051000000)]

Stack: [0x0000009050f00000,0x0000009051000000]
Native frames: (J=compiled Java code, j=interpreted, Vv=VM code, C=native code)
V  [jvm.dll+0x62ae9a]
V  [jvm.dll+0x7817a9]
V  [jvm.dll+0x782f03]
V  [jvm.dll+0x783563]
V  [jvm.dll+0x216325]
V  [jvm.dll+0x6281d9]
V  [jvm.dll+0x61cf55]
V  [jvm.dll+0x2cffdd]
V  [jvm.dll+0x2cfe42]
V  [jvm.dll+0x2d5e1c]
V  [jvm.dll+0x32590a]
V  [jvm.dll+0x324fd4]
V  [jvm.dll+0x2a6f5a]
V  [jvm.dll+0x2a80f8]
V  [jvm.dll+0x75e241]
V  [jvm.dll+0x3341c4]
V  [jvm.dll+0x73e926]
V  [jvm.dll+0x3b7557]
V  [jvm.dll+0x3b8fe1]
C  [jli.dll+0x52fb]
C  [ucrtbase.dll+0x21bb2]
C  [KERNEL32.DLL+0x17034]
C  [ntdll.dll+0x52651]


---------------  P R O C E S S  ---------------

Threads class SMR info:
_java_thread_list=0x00007ffd6d714ff0, length=0, elements={
}

Java Threads: ( => current thread )

Other Threads:
  0x000002500e96eca0 GCTaskThread "GC Thread#0" [stack: 0x0000009051000000,0x0000009051100000] [id=4648]
  0x000002500e97f640 ConcurrentGCThread "G1 Main Marker" [stack: 0x0000009051100000,0x0000009051200000] [id=19112]
  0x000002500e9829f0 ConcurrentGCThread "G1 Conc#0" [stack: 0x0000009051200000,0x0000009051300000] [id=7604]

[error occurred during error reporting (printing all threads), id 0xc0000005, EXCEPTION_ACCESS_VIOLATION (0xc0000005) at pc=0x00007ffd6cf07e27]

VM state: not at safepoint (not fully initialized)

VM Mutex/Monitor currently owned by a thread:  ([mutex/lock_event])
[0x000002500e9227e0] Heap_lock - owner thread: 0x000002500e927cd0

Heap address: 0x0000000711400000, size: 3820 MB, Compressed Oops mode: Zero based, Oop shift amount: 3
CDS archive(s) mapped at: [0x0000000000000000-0x0000000000000000-0x0000000000000000), size 0, SharedBaseAddress: 0x0000000800000000, ArchiveRelocationMode: 0.
Narrow klass base: 0x0000000000000000, Narrow klass shift: 0, Narrow klass range: 0x0

Heap:
 garbage-first heap   total 245760K, used 0K [0x0000000711400000, 0x0000000800000000)
  region size 2048K, 0 young (0K), 0 survivors (0K)
 Metaspace       used 0K, capacity 0K, committed 0K, reserved 0K
  class space    used 0K, capacity 0K, committed 0K, reserved 0K

Heap Regions: E=young(eden), S=young(survivor), O=old, HS=humongous(starts), HC=humongous(continues), CS=collection set, F=free, OA=open archive, CA=closed archive, TAMS=top-at-mark-start (previous, next)

Card table byte_map: [0x0000025021df0000,0x0000025022570000] _byte_map_base: 0x000002501e566000

Marking Bits (Prev, Next): (CMBitMap*) 0x000002500e96f510, (CMBitMap*) 0x000002500e96f550
 Prev Bits: [0x0000025022cf0000, 0x00000250268a0000)
 Next Bits: [0x00000250268a0000, 0x000002502a450000)

GC Heap History (0 events):
No events

Deoptimization events (0 events):
No events

Classes unloaded (0 events):
No events

Classes redefined (0 events):
No events

Internal exceptions (0 events):
No events

Events (1 events):
Event: 0.006 Loaded shared library C:\Users\calvi\.p2\pool\plugins\org.eclipse.justj.openjdk.hotspot.jre.full.win32.x86_64_15.0.2.v20210201-0955\jre\bin\java.dll


Dynamic libraries:
0x00007ff7458a0000 - 0x00007ff7458ad000 	C:\Users\calvi\.p2\pool\plugins\org.eclipse.justj.openjdk.hotspot.jre.full.win32.x86_64_15.0.2.v20210201-0955\jre\bin\javaw.exe
0x00007ffdd22b0000 - 0x00007ffdd24a5000 	C:\WINDOWS\SYSTEM32\ntdll.dll
0x00007ffdd05c0000 - 0x00007ffdd067e000 	C:\WINDOWS\System32\KERNEL32.DLL
0x00007ffdcfe60000 - 0x00007ffdd0129000 	C:\WINDOWS\System32\KERNELBASE.dll
0x00007ffdcfa20000 - 0x00007ffdcfb20000 	C:\WINDOWS\System32\ucrtbase.dll
0x00007ffdca1b0000 - 0x00007ffdca1c9000 	C:\Users\calvi\.p2\pool\plugins\org.eclipse.justj.openjdk.hotspot.jre.full.win32.x86_64_15.0.2.v20210201-0955\jre\bin\VCRUNTIME140.dll
0x00007ffdca1d0000 - 0x00007ffdca1e8000 	C:\Users\calvi\.p2\pool\plugins\org.eclipse.justj.openjdk.hotspot.jre.full.win32.x86_64_15.0.2.v20210201-0955\jre\bin\jli.dll
0x00007ffdd14e0000 - 0x00007ffdd1681000 	C:\WINDOWS\System32\USER32.dll
0x00007ffdd0130000 - 0x00007ffdd0152000 	C:\WINDOWS\System32\win32u.dll
0x00007ffdb81d0000 - 0x00007ffdb846a000 	C:\WINDOWS\WinSxS\amd64_microsoft.windows.common-controls_6595b64144ccf1df_6.0.19041.1110_none_60b5254171f9507e\COMCTL32.dll
0x00007ffdd1440000 - 0x00007ffdd14de000 	C:\WINDOWS\System32\msvcrt.dll
0x00007ffdd0840000 - 0x00007ffdd086b000 	C:\WINDOWS\System32\GDI32.dll
0x00007ffdd01f0000 - 0x00007ffdd02fb000 	C:\WINDOWS\System32\gdi32full.dll
0x00007ffdcfb20000 - 0x00007ffdcfbbd000 	C:\WINDOWS\System32\msvcp_win.dll
0x00007ffdd1cf0000 - 0x00007ffdd1d20000 	C:\WINDOWS\System32\IMM32.DLL
0x00007ffdcc6a0000 - 0x00007ffdcc6ac000 	C:\Users\calvi\.p2\pool\plugins\org.eclipse.justj.openjdk.hotspot.jre.full.win32.x86_64_15.0.2.v20210201-0955\jre\bin\vcruntime140_1.dll
0x00007ffda7fe0000 - 0x00007ffda8071000 	C:\Users\calvi\.p2\pool\plugins\org.eclipse.justj.openjdk.hotspot.jre.full.win32.x86_64_15.0.2.v20210201-0955\jre\bin\msvcp140.dll
0x00007ffd6cc50000 - 0x00007ffd6d7ae000 	C:\Users\calvi\.p2\pool\plugins\org.eclipse.justj.openjdk.hotspot.jre.full.win32.x86_64_15.0.2.v20210201-0955\jre\bin\server\jvm.dll
0x00007ffdd1330000 - 0x00007ffdd13dc000 	C:\WINDOWS\System32\ADVAPI32.dll
0x00007ffdd1810000 - 0x00007ffdd18ab000 	C:\WINDOWS\System32\sechost.dll
0x00007ffdd09a0000 - 0x00007ffdd0aca000 	C:\WINDOWS\System32\RPCRT4.dll
0x00007ffdd0510000 - 0x00007ffdd0518000 	C:\WINDOWS\System32\PSAPI.DLL
0x00007ffdc64f0000 - 0x00007ffdc6517000 	C:\WINDOWS\SYSTEM32\WINMM.dll
0x00007ffdcc720000 - 0x00007ffdcc729000 	C:\WINDOWS\SYSTEM32\WSOCK32.dll
0x00007ffdc6410000 - 0x00007ffdc641a000 	C:\WINDOWS\SYSTEM32\VERSION.dll
0x00007ffdd12c0000 - 0x00007ffdd132b000 	C:\WINDOWS\System32\WS2_32.dll
0x00007ffdcd8f0000 - 0x00007ffdcd902000 	C:\WINDOWS\SYSTEM32\kernel.appcore.dll
0x00007ffdcc6b0000 - 0x00007ffdcc6ba000 	C:\Users\calvi\.p2\pool\plugins\org.eclipse.justj.openjdk.hotspot.jre.full.win32.x86_64_15.0.2.v20210201-0955\jre\bin\jimage.dll
0x00007ffdc89a0000 - 0x00007ffdc8b84000 	C:\WINDOWS\SYSTEM32\DBGHELP.DLL
0x00007ffdba520000 - 0x00007ffdba54c000 	C:\WINDOWS\SYSTEM32\dbgcore.DLL
0x00007ffdd0160000 - 0x00007ffdd01e3000 	C:\WINDOWS\System32\bcryptPrimitives.dll
0x00007ffdca280000 - 0x00007ffdca2a5000 	C:\Users\calvi\.p2\pool\plugins\org.eclipse.justj.openjdk.hotspot.jre.full.win32.x86_64_15.0.2.v20210201-0955\jre\bin\java.dll

dbghelp: loaded successfully - version: 4.0.5 - missing functions: none
symbol engine: initialized successfully - sym options: 0x614 - pdb path: .;C:\Users\calvi\.p2\pool\plugins\org.eclipse.justj.openjdk.hotspot.jre.full.win32.x86_64_15.0.2.v20210201-0955\jre\bin;C:\WINDOWS\SYSTEM32;C:\WINDOWS\WinSxS\amd64_microsoft.windows.common-controls_6595b64144ccf1df_6.0.19041.1110_none_60b5254171f9507e;C:\Users\calvi\.p2\pool\plugins\org.eclipse.justj.openjdk.hotspot.jre.full.win32.x86_64_15.0.2.v20210201-0955\jre\bin\server

VM Arguments:
jvm_args: -Dfile.encoding=Cp1252 -XX:+ShowCodeDetailsInExceptionMessages 
java_command: registrationSystem.CourseRegApp
java_class_path (initial): C:\Users\calvi\OneDrive - University of Calgary\Old OneDrive Contents\Documents\School\Masters\Fall 2021\ENSF 607\Assignments\Assignment 1\ENSF607_Assignment1_CalvinGiese\registrationSystem\bin
Launcher Type: SUN_STANDARD

[Global flags]
     intx CICompilerCount                          = 4                                         {product} {ergonomic}
     uint ConcGCThreads                            = 2                                         {product} {ergonomic}
     uint G1ConcRefinementThreads                  = 8                                         {product} {ergonomic}
   size_t G1HeapRegionSize                         = 2097152                                   {product} {ergonomic}
    uintx GCDrainStackTargetSize                   = 64                                        {product} {ergonomic}
   size_t InitialHeapSize                          = 251658240                                 {product} {ergonomic}
   size_t MarkStackSize                            = 4194304                                   {product} {ergonomic}
   size_t MaxHeapSize                              = 4005560320                                {product} {ergonomic}
   size_t MinHeapDeltaBytes                        = 2097152                                   {product} {ergonomic}
   size_t MinHeapSize                              = 8388608                                   {product} {ergonomic}
    uintx NonNMethodCodeHeapSize                   = 5839372                                {pd product} {ergonomic}
    uintx NonProfiledCodeHeapSize                  = 122909434                              {pd product} {ergonomic}
    uintx ProfiledCodeHeapSize                     = 122909434                              {pd product} {ergonomic}
    uintx ReservedCodeCacheSize                    = 251658240                              {pd product} {ergonomic}
     bool SegmentedCodeCache                       = true                                      {product} {ergonomic}
     bool ShowCodeDetailsInExceptionMessages       = true                                   {manageable} {command line}
   size_t SoftMaxHeapSize                          = 4005560320                             {manageable} {ergonomic}
     bool UseCompressedClassPointers               = true                                 {lp64_product} {ergonomic}
     bool UseCompressedOops                        = true                                 {lp64_product} {ergonomic}
     bool UseG1GC                                  = true                                      {product} {ergonomic}
     bool UseLargePagesIndividualAllocation        = false                                  {pd product} {ergonomic}

Logging:
Log output configuration:
 #0: stdout all=warning uptime,level,tags
 #1: stderr all=off uptime,level,tags

Environment Variables:
PATH=C:/Users/calvi/.p2/pool/plugins/org.eclipse.justj.openjdk.hotspot.jre.full.win32.x86_64_15.0.2.v20210201-0955/jre/bin/server;C:/Users/calvi/.p2/pool/plugins/org.eclipse.justj.openjdk.hotspot.jre.full.win32.x86_64_15.0.2.v20210201-0955/jre/bin;C:\Program Files\AdoptOpenJDK\jdk-11.0.11.9-hotspot\bin;C:\WINDOWS\system32;C:\WINDOWS;C:\WINDOWS\System32\Wbem;C:\WINDOWS\System32\WindowsPowerShell\v1.0\;C:\WINDOWS\System32\OpenSSH\;C:\Program Files (x86)\Windows Kits\8.1\Windows Performance Toolkit\;D:\MatLab\bin;C:\Program Files\Git\cmd;G:\Program Files\bin;C:\Users\calvi\AppData\Local\Microsoft\WindowsApps;C:\Users\calvi\AppData\Local\GitHubDesktop\bin;C:\Users\calvi\AppData\Local\Programs\Microsoft VS Code\bin;C:\WINDOWS\System32;
USERNAME=calvi
OS=Windows_NT
PROCESSOR_IDENTIFIER=AMD64 Family 23 Model 17 Stepping 0, AuthenticAMD



---------------  S Y S T E M  ---------------

OS:
 Windows 10 , 64 bit Build 19041 (10.0.19041.1202)
OS uptime: 1 days 4:16 hours

CPU: total 8 (initial active 8) (8 cores per cpu, 2 threads per core) family 23 model 17 stepping 0 microcode 0x0, cmov, cx8, fxsr, mmx, sse, sse2, sse3, ssse3, sse4.1, sse4.2, popcnt, vzeroupper, avx, avx2, aes, clmul, 3dnowpref, lzcnt, sse4a, ht, tsc, tscinvbit, tscinv, bmi1, bmi2, adx, sha, fma, clflush, clflushopt

Memory: 4k page, system-wide physical 15272M (8562M free)
TotalPageFile size 30377M (AvailPageFile size 135M)
current process WorkingSet (physical memory assigned to process): 10M, peak: 10M
current process commit charge ("private bytes"): 60M, peak: 300M

vm_info: OpenJDK 64-Bit Server VM (15.0.2+7-27) for windows-amd64 JRE (15.0.2+7-27), built on Dec  7 2020 20:02:38 by "mach5one" with unknown MS VC++:1925

END.
